2020-05-05 09:44:35 [::1][3][6qind1jsab0q5u0kqbas1cs0ir][error][yii\web\HttpException:404] yii\base\InvalidRouteException: Unable to resolve the request: site/searchgrafik in /var/www/html/pos/vendor/yiisoft/yii2/base/Controller.php:128
Stack trace:
#0 /var/www/html/pos/vendor/yiisoft/yii2/base/Module.php(528): yii\base\Controller->runAction('searchgrafik', Array)
#1 /var/www/html/pos/vendor/yiisoft/yii2/web/Application.php(103): yii\base\Module->runAction('site/searchgraf...', Array)
#2 /var/www/html/pos/vendor/yiisoft/yii2/base/Application.php(386): yii\web\Application->handleRequest(Object(yii\web\Request))
#3 /var/www/html/pos/web/index.php(12): yii\base\Application->run()
#4 {main}

Next yii\web\NotFoundHttpException: Page not found. in /var/www/html/pos/vendor/yiisoft/yii2/web/Application.php:115
Stack trace:
#0 /var/www/html/pos/vendor/yiisoft/yii2/base/Application.php(386): yii\web\Application->handleRequest(Object(yii\web\Request))
#1 /var/www/html/pos/web/index.php(12): yii\base\Application->run()
#2 {main}
2020-05-05 09:44:35 [::1][3][6qind1jsab0q5u0kqbas1cs0ir][info][application] $_GET = [
    'r' => 'site/searchgrafik'
    'daterange' => '04/25/2020 - 05/05/2020'
]

$_POST = []

$_FILES = []

$_COOKIE = [
    'PHPSESSID' => '6qind1jsab0q5u0kqbas1cs0ir'
    '_csrf' => 'e6487d7fa078a105f5711e149db4d07473a3030ab43f6713cceabae885c68755a:2:{i:0;s:5:\"_csrf\";i:1;s:32:\"I5N1iBrjDolmn4oUVJnXrWzq11xyjbH-\";}'
]

$_SESSION = [
    '__flash' => []
    '__id' => 3
    '__expire' => 1588733075
    'datatransaksi' => [
        0 => [
            'kodebarang' => 'A0001'
            'namabarang' => 'PARACETAMOL 500 MG'
            'qty' => '4'
            'harga' => 12000
            'total' => 48000
            'idstok' => '3'
        ]
    ]
]

$_SERVER = [
    'HTTP_HOST' => 'localhost'
    'HTTP_CONNECTION' => 'keep-alive'
    'HTTP_ACCEPT' => 'application/json, text/javascript, */*; q=0.01'
    'HTTP_X_CSRF_TOKEN' => '7vFJ9jUNAIyVBr7pMBjmJfuHAiFxmQ_10F5sBw0451-nxAfHXE9y5tFp0oReLIlwrc1seQPOdYThbxR-Z1qvcg=='
    'HTTP_USER_AGENT' => 'Mozilla/5.0 (X11; Linux x86_64) AppleWebKit/537.36 (KHTML, like Gecko) snap Chromium/81.0.4044.122 Chrome/81.0.4044.122 Safari/537.36'
    'HTTP_X_REQUESTED_WITH' => 'XMLHttpRequest'
    'HTTP_SEC_FETCH_SITE' => 'same-origin'
    'HTTP_SEC_FETCH_MODE' => 'cors'
    'HTTP_SEC_FETCH_DEST' => 'empty'
    'HTTP_REFERER' => 'http://localhost/pos/web/index.php?r=site%2Fdashboard'
    'HTTP_ACCEPT_ENCODING' => 'gzip, deflate, br'
    'HTTP_ACCEPT_LANGUAGE' => 'en-US,en;q=0.9,id;q=0.8'
    'HTTP_COOKIE' => 'PHPSESSID=6qind1jsab0q5u0kqbas1cs0ir; _csrf=e6487d7fa078a105f5711e149db4d07473a3030ab43f6713cceabae885c68755a%3A2%3A%7Bi%3A0%3Bs%3A5%3A%22_csrf%22%3Bi%3A1%3Bs%3A32%3A%22I5N1iBrjDolmn4oUVJnXrWzq11xyjbH-%22%3B%7D'
    'PATH' => '/usr/local/sbin:/usr/local/bin:/usr/sbin:/usr/bin:/sbin:/bin:/snap/bin'
    'SERVER_SIGNATURE' => '<address>Apache/2.4.29 (Ubuntu) Server at localhost Port 80</address>
'
    'SERVER_SOFTWARE' => 'Apache/2.4.29 (Ubuntu)'
    'SERVER_NAME' => 'localhost'
    'SERVER_ADDR' => '::1'
    'SERVER_PORT' => '80'
    'REMOTE_ADDR' => '::1'
    'DOCUMENT_ROOT' => '/var/www/html'
    'REQUEST_SCHEME' => 'http'
    'CONTEXT_PREFIX' => ''
    'CONTEXT_DOCUMENT_ROOT' => '/var/www/html'
    'SERVER_ADMIN' => 'webmaster@localhost'
    'SCRIPT_FILENAME' => '/var/www/html/pos/web/index.php'
    'REMOTE_PORT' => '53606'
    'GATEWAY_INTERFACE' => 'CGI/1.1'
    'SERVER_PROTOCOL' => 'HTTP/1.1'
    'REQUEST_METHOD' => 'GET'
    'QUERY_STRING' => 'r=site%2Fsearchgrafik&daterange=04%2F25%2F2020%20-%2005%2F05%2F2020'
    'REQUEST_URI' => '/pos/web/index.php?r=site%2Fsearchgrafik&daterange=04%2F25%2F2020%20-%2005%2F05%2F2020'
    'SCRIPT_NAME' => '/pos/web/index.php'
    'PHP_SELF' => '/pos/web/index.php'
    'REQUEST_TIME_FLOAT' => 1588646675.794
    'REQUEST_TIME' => 1588646675
]
2020-05-05 09:57:47 [::1][3][6qind1jsab0q5u0kqbas1cs0ir][error][Error] Error: Class 'app\controllers\DateTime' not found in /var/www/html/pos/controllers/SiteController.php:429
Stack trace:
#0 [internal function]: app\controllers\SiteController->actionSearchgrafik()
#1 /var/www/html/pos/vendor/yiisoft/yii2/base/InlineAction.php(57): call_user_func_array(Array, Array)
#2 /var/www/html/pos/vendor/yiisoft/yii2/base/Controller.php(157): yii\base\InlineAction->runWithParams(Array)
#3 /var/www/html/pos/vendor/yiisoft/yii2/base/Module.php(528): yii\base\Controller->runAction('searchgrafik', Array)
#4 /var/www/html/pos/vendor/yiisoft/yii2/web/Application.php(103): yii\base\Module->runAction('site/searchgraf...', Array)
#5 /var/www/html/pos/vendor/yiisoft/yii2/base/Application.php(386): yii\web\Application->handleRequest(Object(yii\web\Request))
#6 /var/www/html/pos/web/index.php(12): yii\base\Application->run()
#7 {main}
2020-05-05 09:57:47 [::1][3][6qind1jsab0q5u0kqbas1cs0ir][info][application] $_GET = [
    'r' => 'site/searchgrafik'
    'daterange' => '04/25/2020 - 05/05/2020'
]

$_POST = []

$_FILES = []

$_COOKIE = [
    'PHPSESSID' => '6qind1jsab0q5u0kqbas1cs0ir'
    '_csrf' => 'e6487d7fa078a105f5711e149db4d07473a3030ab43f6713cceabae885c68755a:2:{i:0;s:5:\"_csrf\";i:1;s:32:\"I5N1iBrjDolmn4oUVJnXrWzq11xyjbH-\";}'
]

$_SESSION = [
    '__flash' => []
    '__id' => 3
    '__expire' => 1588733867
    'datatransaksi' => [
        0 => [
            'kodebarang' => 'A0001'
            'namabarang' => 'PARACETAMOL 500 MG'
            'qty' => '4'
            'harga' => 12000
            'total' => 48000
            'idstok' => '3'
        ]
    ]
]

$_SERVER = [
    'HTTP_HOST' => 'localhost'
    'HTTP_CONNECTION' => 'keep-alive'
    'HTTP_ACCEPT' => 'application/json, text/javascript, */*; q=0.01'
    'HTTP_X_CSRF_TOKEN' => 'gC_2rTsIGGewsa3OOLxfl5FUxeowy8ZdODxZ2Ib2QMHJGricUkpqDfTewaNWiDDCxx6rskKcvCwJDSGh7JQI7A=='
    'HTTP_USER_AGENT' => 'Mozilla/5.0 (X11; Linux x86_64) AppleWebKit/537.36 (KHTML, like Gecko) snap Chromium/81.0.4044.122 Chrome/81.0.4044.122 Safari/537.36'
    'HTTP_X_REQUESTED_WITH' => 'XMLHttpRequest'
    'HTTP_SEC_FETCH_SITE' => 'same-origin'
    'HTTP_SEC_FETCH_MODE' => 'cors'
    'HTTP_SEC_FETCH_DEST' => 'empty'
    'HTTP_REFERER' => 'http://localhost/pos/web/index.php?r=site%2Fdashboard'
    'HTTP_ACCEPT_ENCODING' => 'gzip, deflate, br'
    'HTTP_ACCEPT_LANGUAGE' => 'en-US,en;q=0.9,id;q=0.8'
    'HTTP_COOKIE' => 'PHPSESSID=6qind1jsab0q5u0kqbas1cs0ir; _csrf=e6487d7fa078a105f5711e149db4d07473a3030ab43f6713cceabae885c68755a%3A2%3A%7Bi%3A0%3Bs%3A5%3A%22_csrf%22%3Bi%3A1%3Bs%3A32%3A%22I5N1iBrjDolmn4oUVJnXrWzq11xyjbH-%22%3B%7D'
    'PATH' => '/usr/local/sbin:/usr/local/bin:/usr/sbin:/usr/bin:/sbin:/bin:/snap/bin'
    'SERVER_SIGNATURE' => '<address>Apache/2.4.29 (Ubuntu) Server at localhost Port 80</address>
'
    'SERVER_SOFTWARE' => 'Apache/2.4.29 (Ubuntu)'
    'SERVER_NAME' => 'localhost'
    'SERVER_ADDR' => '::1'
    'SERVER_PORT' => '80'
    'REMOTE_ADDR' => '::1'
    'DOCUMENT_ROOT' => '/var/www/html'
    'REQUEST_SCHEME' => 'http'
    'CONTEXT_PREFIX' => ''
    'CONTEXT_DOCUMENT_ROOT' => '/var/www/html'
    'SERVER_ADMIN' => 'webmaster@localhost'
    'SCRIPT_FILENAME' => '/var/www/html/pos/web/index.php'
    'REMOTE_PORT' => '58320'
    'GATEWAY_INTERFACE' => 'CGI/1.1'
    'SERVER_PROTOCOL' => 'HTTP/1.1'
    'REQUEST_METHOD' => 'GET'
    'QUERY_STRING' => 'r=site%2Fsearchgrafik&daterange=04%2F25%2F2020%20-%2005%2F05%2F2020'
    'REQUEST_URI' => '/pos/web/index.php?r=site%2Fsearchgrafik&daterange=04%2F25%2F2020%20-%2005%2F05%2F2020'
    'SCRIPT_NAME' => '/pos/web/index.php'
    'PHP_SELF' => '/pos/web/index.php'
    'REQUEST_TIME_FLOAT' => 1588647467.073
    'REQUEST_TIME' => 1588647467
]
2020-05-06 08:46:03 [::1][3][-][warning][yii\web\Session::init] Session is already started
    in /var/www/html/pos/controllers/SiteController.php:73
2020-05-06 08:46:03 [::1][3][-][info][application] $_GET = [
    'r' => 'site/index'
]

$_POST = []

$_FILES = []

$_COOKIE = [
    'PHPSESSID' => 'tr8fhmagoi9vd5gvt18pcquc5m'
    '_csrf' => '99fa15ca37db728d03c0af7f4535bcf160a76dba4f141b837f18769b8b0c3f84a:2:{i:0;s:5:\"_csrf\";i:1;s:32:\"qRVgsCyzKZpiTE1lCv-zWZt0OYS87B4X\";}'
]

$_SESSION = [
    '0b990350410da8826ff87fb1790ccc13__id' => '272'
    '0b990350410da8826ff87fb1790ccc13__name' => 'farmasi'
    '0b990350410da8826ff87fb1790ccc13username' => 'farmasi'
    '0b990350410da8826ff87fb1790ccc13idgroup' => '23'
    '0b990350410da8826ff87fb1790ccc13__states' => [
        'username' => true
        'idgroup' => true
    ]
    'ip' => '::1'
    'mac' => null
    '__flash' => []
    '__id' => 3
    '__expire' => 1588815963
]

$_SERVER = [
    'HTTP_HOST' => 'localhost'
    'HTTP_CONNECTION' => 'keep-alive'
    'HTTP_UPGRADE_INSECURE_REQUESTS' => '1'
    'HTTP_USER_AGENT' => 'Mozilla/5.0 (X11; Linux x86_64) AppleWebKit/537.36 (KHTML, like Gecko) snap Chromium/81.0.4044.122 Chrome/81.0.4044.122 Safari/537.36'
    'HTTP_ACCEPT' => 'text/html,application/xhtml+xml,application/xml;q=0.9,image/webp,image/apng,*/*;q=0.8,application/signed-exchange;v=b3;q=0.9'
    'HTTP_SEC_FETCH_SITE' => 'same-origin'
    'HTTP_SEC_FETCH_MODE' => 'navigate'
    'HTTP_SEC_FETCH_USER' => '?1'
    'HTTP_SEC_FETCH_DEST' => 'document'
    'HTTP_REFERER' => 'http://localhost/pos/web/index.php?r=site%2Fdashboard'
    'HTTP_ACCEPT_ENCODING' => 'gzip, deflate, br'
    'HTTP_ACCEPT_LANGUAGE' => 'en-US,en;q=0.9,id;q=0.8'
    'HTTP_COOKIE' => 'PHPSESSID=tr8fhmagoi9vd5gvt18pcquc5m; _csrf=99fa15ca37db728d03c0af7f4535bcf160a76dba4f141b837f18769b8b0c3f84a%3A2%3A%7Bi%3A0%3Bs%3A5%3A%22_csrf%22%3Bi%3A1%3Bs%3A32%3A%22qRVgsCyzKZpiTE1lCv-zWZt0OYS87B4X%22%3B%7D'
    'PATH' => '/usr/local/sbin:/usr/local/bin:/usr/sbin:/usr/bin:/sbin:/bin:/snap/bin'
    'SERVER_SIGNATURE' => '<address>Apache/2.4.29 (Ubuntu) Server at localhost Port 80</address>
'
    'SERVER_SOFTWARE' => 'Apache/2.4.29 (Ubuntu)'
    'SERVER_NAME' => 'localhost'
    'SERVER_ADDR' => '::1'
    'SERVER_PORT' => '80'
    'REMOTE_ADDR' => '::1'
    'DOCUMENT_ROOT' => '/var/www/html'
    'REQUEST_SCHEME' => 'http'
    'CONTEXT_PREFIX' => ''
    'CONTEXT_DOCUMENT_ROOT' => '/var/www/html'
    'SERVER_ADMIN' => 'webmaster@localhost'
    'SCRIPT_FILENAME' => '/var/www/html/pos/web/index.php'
    'REMOTE_PORT' => '40294'
    'GATEWAY_INTERFACE' => 'CGI/1.1'
    'SERVER_PROTOCOL' => 'HTTP/1.1'
    'REQUEST_METHOD' => 'GET'
    'QUERY_STRING' => 'r=site%2Findex'
    'REQUEST_URI' => '/pos/web/index.php?r=site%2Findex'
    'SCRIPT_NAME' => '/pos/web/index.php'
    'PHP_SELF' => '/pos/web/index.php'
    'REQUEST_TIME_FLOAT' => 1588729563.802
    'REQUEST_TIME' => 1588729563
]
2020-05-06 08:46:21 [::1][3][-][warning][yii\web\Session::init] Session is already started
    in /var/www/html/pos/controllers/SiteController.php:73
2020-05-06 08:46:21 [::1][3][-][info][application] $_GET = [
    'r' => 'site/index'
]

$_POST = []

$_FILES = []

$_COOKIE = [
    'PHPSESSID' => 'tr8fhmagoi9vd5gvt18pcquc5m'
    '_csrf' => '99fa15ca37db728d03c0af7f4535bcf160a76dba4f141b837f18769b8b0c3f84a:2:{i:0;s:5:\"_csrf\";i:1;s:32:\"qRVgsCyzKZpiTE1lCv-zWZt0OYS87B4X\";}'
]

$_SESSION = [
    '0b990350410da8826ff87fb1790ccc13__id' => '272'
    '0b990350410da8826ff87fb1790ccc13__name' => 'farmasi'
    '0b990350410da8826ff87fb1790ccc13username' => 'farmasi'
    '0b990350410da8826ff87fb1790ccc13idgroup' => '23'
    '0b990350410da8826ff87fb1790ccc13__states' => [
        'username' => true
        'idgroup' => true
    ]
    'ip' => '::1'
    'mac' => null
    '__flash' => []
    '__id' => 3
    '__expire' => 1588815981
]

$_SERVER = [
    'HTTP_HOST' => 'localhost'
    'HTTP_CONNECTION' => 'keep-alive'
    'HTTP_CACHE_CONTROL' => 'max-age=0'
    'HTTP_UPGRADE_INSECURE_REQUESTS' => '1'
    'HTTP_USER_AGENT' => 'Mozilla/5.0 (X11; Linux x86_64) AppleWebKit/537.36 (KHTML, like Gecko) snap Chromium/81.0.4044.122 Chrome/81.0.4044.122 Safari/537.36'
    'HTTP_ACCEPT' => 'text/html,application/xhtml+xml,application/xml;q=0.9,image/webp,image/apng,*/*;q=0.8,application/signed-exchange;v=b3;q=0.9'
    'HTTP_SEC_FETCH_SITE' => 'same-origin'
    'HTTP_SEC_FETCH_MODE' => 'navigate'
    'HTTP_SEC_FETCH_USER' => '?1'
    'HTTP_SEC_FETCH_DEST' => 'document'
    'HTTP_REFERER' => 'http://localhost/pos/web/index.php?r=site%2Fdashboard'
    'HTTP_ACCEPT_ENCODING' => 'gzip, deflate, br'
    'HTTP_ACCEPT_LANGUAGE' => 'en-US,en;q=0.9,id;q=0.8'
    'HTTP_COOKIE' => 'PHPSESSID=tr8fhmagoi9vd5gvt18pcquc5m; _csrf=99fa15ca37db728d03c0af7f4535bcf160a76dba4f141b837f18769b8b0c3f84a%3A2%3A%7Bi%3A0%3Bs%3A5%3A%22_csrf%22%3Bi%3A1%3Bs%3A32%3A%22qRVgsCyzKZpiTE1lCv-zWZt0OYS87B4X%22%3B%7D'
    'PATH' => '/usr/local/sbin:/usr/local/bin:/usr/sbin:/usr/bin:/sbin:/bin:/snap/bin'
    'SERVER_SIGNATURE' => '<address>Apache/2.4.29 (Ubuntu) Server at localhost Port 80</address>
'
    'SERVER_SOFTWARE' => 'Apache/2.4.29 (Ubuntu)'
    'SERVER_NAME' => 'localhost'
    'SERVER_ADDR' => '::1'
    'SERVER_PORT' => '80'
    'REMOTE_ADDR' => '::1'
    'DOCUMENT_ROOT' => '/var/www/html'
    'REQUEST_SCHEME' => 'http'
    'CONTEXT_PREFIX' => ''
    'CONTEXT_DOCUMENT_ROOT' => '/var/www/html'
    'SERVER_ADMIN' => 'webmaster@localhost'
    'SCRIPT_FILENAME' => '/var/www/html/pos/web/index.php'
    'REMOTE_PORT' => '40324'
    'GATEWAY_INTERFACE' => 'CGI/1.1'
    'SERVER_PROTOCOL' => 'HTTP/1.1'
    'REQUEST_METHOD' => 'GET'
    'QUERY_STRING' => 'r=site%2Findex'
    'REQUEST_URI' => '/pos/web/index.php?r=site%2Findex'
    'SCRIPT_NAME' => '/pos/web/index.php'
    'PHP_SELF' => '/pos/web/index.php'
    'REQUEST_TIME_FLOAT' => 1588729581.809
    'REQUEST_TIME' => 1588729581
]
2020-05-06 09:11:15 [::1][3][-][warning][yii\web\Session::init] Session is already started
    in /var/www/html/pos/controllers/SiteController.php:73
2020-05-06 09:11:15 [::1][3][-][info][application] $_GET = [
    'r' => 'site/index'
]

$_POST = []

$_FILES = []

$_COOKIE = [
    'PHPSESSID' => 'tr8fhmagoi9vd5gvt18pcquc5m'
    '_csrf' => '99fa15ca37db728d03c0af7f4535bcf160a76dba4f141b837f18769b8b0c3f84a:2:{i:0;s:5:\"_csrf\";i:1;s:32:\"qRVgsCyzKZpiTE1lCv-zWZt0OYS87B4X\";}'
]

$_SESSION = [
    '0b990350410da8826ff87fb1790ccc13__id' => '272'
    '0b990350410da8826ff87fb1790ccc13__name' => 'farmasi'
    '0b990350410da8826ff87fb1790ccc13username' => 'farmasi'
    '0b990350410da8826ff87fb1790ccc13idgroup' => '23'
    '0b990350410da8826ff87fb1790ccc13__states' => [
        'username' => true
        'idgroup' => true
    ]
    'ip' => '::1'
    'mac' => null
    '__flash' => []
    '__id' => 3
    '__expire' => 1588817475
]

$_SERVER = [
    'HTTP_HOST' => 'localhost'
    'HTTP_CONNECTION' => 'keep-alive'
    'HTTP_UPGRADE_INSECURE_REQUESTS' => '1'
    'HTTP_USER_AGENT' => 'Mozilla/5.0 (X11; Linux x86_64) AppleWebKit/537.36 (KHTML, like Gecko) snap Chromium/81.0.4044.122 Chrome/81.0.4044.122 Safari/537.36'
    'HTTP_ACCEPT' => 'text/html,application/xhtml+xml,application/xml;q=0.9,image/webp,image/apng,*/*;q=0.8,application/signed-exchange;v=b3;q=0.9'
    'HTTP_SEC_FETCH_SITE' => 'same-origin'
    'HTTP_SEC_FETCH_MODE' => 'navigate'
    'HTTP_SEC_FETCH_USER' => '?1'
    'HTTP_SEC_FETCH_DEST' => 'document'
    'HTTP_REFERER' => 'http://localhost/pos/web/index.php?r=filebarang%2Findex'
    'HTTP_ACCEPT_ENCODING' => 'gzip, deflate, br'
    'HTTP_ACCEPT_LANGUAGE' => 'en-US,en;q=0.9,id;q=0.8'
    'HTTP_COOKIE' => 'PHPSESSID=tr8fhmagoi9vd5gvt18pcquc5m; _csrf=99fa15ca37db728d03c0af7f4535bcf160a76dba4f141b837f18769b8b0c3f84a%3A2%3A%7Bi%3A0%3Bs%3A5%3A%22_csrf%22%3Bi%3A1%3Bs%3A32%3A%22qRVgsCyzKZpiTE1lCv-zWZt0OYS87B4X%22%3B%7D'
    'PATH' => '/usr/local/sbin:/usr/local/bin:/usr/sbin:/usr/bin:/sbin:/bin:/snap/bin'
    'SERVER_SIGNATURE' => '<address>Apache/2.4.29 (Ubuntu) Server at localhost Port 80</address>
'
    'SERVER_SOFTWARE' => 'Apache/2.4.29 (Ubuntu)'
    'SERVER_NAME' => 'localhost'
    'SERVER_ADDR' => '::1'
    'SERVER_PORT' => '80'
    'REMOTE_ADDR' => '::1'
    'DOCUMENT_ROOT' => '/var/www/html'
    'REQUEST_SCHEME' => 'http'
    'CONTEXT_PREFIX' => ''
    'CONTEXT_DOCUMENT_ROOT' => '/var/www/html'
    'SERVER_ADMIN' => 'webmaster@localhost'
    'SCRIPT_FILENAME' => '/var/www/html/pos/web/index.php'
    'REMOTE_PORT' => '52106'
    'GATEWAY_INTERFACE' => 'CGI/1.1'
    'SERVER_PROTOCOL' => 'HTTP/1.1'
    'REQUEST_METHOD' => 'GET'
    'QUERY_STRING' => 'r=site%2Findex'
    'REQUEST_URI' => '/pos/web/index.php?r=site%2Findex'
    'SCRIPT_NAME' => '/pos/web/index.php'
    'PHP_SELF' => '/pos/web/index.php'
    'REQUEST_TIME_FLOAT' => 1588731075.403
    'REQUEST_TIME' => 1588731075
]
2020-05-06 09:11:27 [::1][3][-][warning][yii\web\Session::init] Session is already started
    in /var/www/html/pos/controllers/SiteController.php:178
2020-05-06 09:11:27 [::1][3][-][info][application] $_GET = [
    'r' => 'site/prosestransaksi'
    'kodebarang' => 'A0003'
    'qty' => '5'
    'idstok' => '6'
]

$_POST = []

$_FILES = []

$_COOKIE = [
    'PHPSESSID' => 'tr8fhmagoi9vd5gvt18pcquc5m'
    '_csrf' => '99fa15ca37db728d03c0af7f4535bcf160a76dba4f141b837f18769b8b0c3f84a:2:{i:0;s:5:\"_csrf\";i:1;s:32:\"qRVgsCyzKZpiTE1lCv-zWZt0OYS87B4X\";}'
]

$_SESSION = [
    '0b990350410da8826ff87fb1790ccc13__id' => '272'
    '0b990350410da8826ff87fb1790ccc13__name' => 'farmasi'
    '0b990350410da8826ff87fb1790ccc13username' => 'farmasi'
    '0b990350410da8826ff87fb1790ccc13idgroup' => '23'
    '0b990350410da8826ff87fb1790ccc13__states' => [
        'username' => true
        'idgroup' => true
    ]
    'ip' => '::1'
    'mac' => null
    '__flash' => []
    '__id' => 3
    '__expire' => 1588817487
    'datatransaksi' => [
        0 => [
            'kodebarang' => 'A0003'
            'namabarang' => 'DEXAMETHAZONE'
            'qty' => '5'
            'harga' => 15000
            'total' => 75000
            'idstok' => '6'
        ]
    ]
]

$_SERVER = [
    'HTTP_HOST' => 'localhost'
    'HTTP_CONNECTION' => 'keep-alive'
    'HTTP_ACCEPT' => 'application/json, text/javascript, */*; q=0.01'
    'HTTP_X_CSRF_TOKEN' => 'LZPOgx8bjFGVD_jyPzvQ9H77PWWToJuhWK6tJUlZbINcwZjkbFj1K95ViJtrfuGYPY0QH8T675EX9_4dfhtY2w=='
    'HTTP_USER_AGENT' => 'Mozilla/5.0 (X11; Linux x86_64) AppleWebKit/537.36 (KHTML, like Gecko) snap Chromium/81.0.4044.122 Chrome/81.0.4044.122 Safari/537.36'
    'HTTP_X_REQUESTED_WITH' => 'XMLHttpRequest'
    'HTTP_SEC_FETCH_SITE' => 'same-origin'
    'HTTP_SEC_FETCH_MODE' => 'cors'
    'HTTP_SEC_FETCH_DEST' => 'empty'
    'HTTP_REFERER' => 'http://localhost/pos/web/index.php?r=site%2Findex'
    'HTTP_ACCEPT_ENCODING' => 'gzip, deflate, br'
    'HTTP_ACCEPT_LANGUAGE' => 'en-US,en;q=0.9,id;q=0.8'
    'HTTP_COOKIE' => 'PHPSESSID=tr8fhmagoi9vd5gvt18pcquc5m; _csrf=99fa15ca37db728d03c0af7f4535bcf160a76dba4f141b837f18769b8b0c3f84a%3A2%3A%7Bi%3A0%3Bs%3A5%3A%22_csrf%22%3Bi%3A1%3Bs%3A32%3A%22qRVgsCyzKZpiTE1lCv-zWZt0OYS87B4X%22%3B%7D'
    'PATH' => '/usr/local/sbin:/usr/local/bin:/usr/sbin:/usr/bin:/sbin:/bin:/snap/bin'
    'SERVER_SIGNATURE' => '<address>Apache/2.4.29 (Ubuntu) Server at localhost Port 80</address>
'
    'SERVER_SOFTWARE' => 'Apache/2.4.29 (Ubuntu)'
    'SERVER_NAME' => 'localhost'
    'SERVER_ADDR' => '::1'
    'SERVER_PORT' => '80'
    'REMOTE_ADDR' => '::1'
    'DOCUMENT_ROOT' => '/var/www/html'
    'REQUEST_SCHEME' => 'http'
    'CONTEXT_PREFIX' => ''
    'CONTEXT_DOCUMENT_ROOT' => '/var/www/html'
    'SERVER_ADMIN' => 'webmaster@localhost'
    'SCRIPT_FILENAME' => '/var/www/html/pos/web/index.php'
    'REMOTE_PORT' => '52112'
    'GATEWAY_INTERFACE' => 'CGI/1.1'
    'SERVER_PROTOCOL' => 'HTTP/1.1'
    'REQUEST_METHOD' => 'GET'
    'QUERY_STRING' => 'r=site%2Fprosestransaksi&kodebarang=A0003&qty=5&idstok=6'
    'REQUEST_URI' => '/pos/web/index.php?r=site%2Fprosestransaksi&kodebarang=A0003&qty=5&idstok=6'
    'SCRIPT_NAME' => '/pos/web/index.php'
    'PHP_SELF' => '/pos/web/index.php'
    'REQUEST_TIME_FLOAT' => 1588731087.182
    'REQUEST_TIME' => 1588731087
]
2020-05-06 09:11:32 [::1][3][-][warning][yii\web\Session::init] Session is already started
    in /var/www/html/pos/controllers/SiteController.php:312
2020-05-06 09:11:32 [::1][3][-][info][application] $_GET = [
    'r' => 'site/simpantransaksi'
]

$_POST = [
    'totaltagihan' => '75000'
    'totalbayar' => '100000'
    'cashback' => '25000'
]

$_FILES = []

$_COOKIE = [
    'PHPSESSID' => 'tr8fhmagoi9vd5gvt18pcquc5m'
    '_csrf' => '99fa15ca37db728d03c0af7f4535bcf160a76dba4f141b837f18769b8b0c3f84a:2:{i:0;s:5:\"_csrf\";i:1;s:32:\"qRVgsCyzKZpiTE1lCv-zWZt0OYS87B4X\";}'
]

$_SESSION = [
    '0b990350410da8826ff87fb1790ccc13__id' => '272'
    '0b990350410da8826ff87fb1790ccc13__name' => 'farmasi'
    '0b990350410da8826ff87fb1790ccc13username' => 'farmasi'
    '0b990350410da8826ff87fb1790ccc13idgroup' => '23'
    '0b990350410da8826ff87fb1790ccc13__states' => [
        'username' => true
        'idgroup' => true
    ]
    'ip' => '::1'
    'mac' => null
    '__flash' => []
    '__id' => 3
    '__expire' => 1588817492
    'datatransaksi' => [
        0 => [
            'kodebarang' => 'A0003'
            'namabarang' => 'DEXAMETHAZONE'
            'qty' => '5'
            'harga' => 15000
            'total' => 75000
            'idstok' => '6'
        ]
    ]
]

$_SERVER = [
    'HTTP_HOST' => 'localhost'
    'HTTP_CONNECTION' => 'keep-alive'
    'CONTENT_LENGTH' => '51'
    'HTTP_ACCEPT' => 'application/json, text/javascript, */*; q=0.01'
    'HTTP_X_CSRF_TOKEN' => 'LZPOgx8bjFGVD_jyPzvQ9H77PWWToJuhWK6tJUlZbINcwZjkbFj1K95ViJtrfuGYPY0QH8T675EX9_4dfhtY2w=='
    'HTTP_X_REQUESTED_WITH' => 'XMLHttpRequest'
    'HTTP_USER_AGENT' => 'Mozilla/5.0 (X11; Linux x86_64) AppleWebKit/537.36 (KHTML, like Gecko) snap Chromium/81.0.4044.122 Chrome/81.0.4044.122 Safari/537.36'
    'CONTENT_TYPE' => 'application/x-www-form-urlencoded; charset=UTF-8'
    'HTTP_ORIGIN' => 'http://localhost'
    'HTTP_SEC_FETCH_SITE' => 'same-origin'
    'HTTP_SEC_FETCH_MODE' => 'cors'
    'HTTP_SEC_FETCH_DEST' => 'empty'
    'HTTP_REFERER' => 'http://localhost/pos/web/index.php?r=site%2Findex'
    'HTTP_ACCEPT_ENCODING' => 'gzip, deflate, br'
    'HTTP_ACCEPT_LANGUAGE' => 'en-US,en;q=0.9,id;q=0.8'
    'HTTP_COOKIE' => 'PHPSESSID=tr8fhmagoi9vd5gvt18pcquc5m; _csrf=99fa15ca37db728d03c0af7f4535bcf160a76dba4f141b837f18769b8b0c3f84a%3A2%3A%7Bi%3A0%3Bs%3A5%3A%22_csrf%22%3Bi%3A1%3Bs%3A32%3A%22qRVgsCyzKZpiTE1lCv-zWZt0OYS87B4X%22%3B%7D'
    'PATH' => '/usr/local/sbin:/usr/local/bin:/usr/sbin:/usr/bin:/sbin:/bin:/snap/bin'
    'SERVER_SIGNATURE' => '<address>Apache/2.4.29 (Ubuntu) Server at localhost Port 80</address>
'
    'SERVER_SOFTWARE' => 'Apache/2.4.29 (Ubuntu)'
    'SERVER_NAME' => 'localhost'
    'SERVER_ADDR' => '::1'
    'SERVER_PORT' => '80'
    'REMOTE_ADDR' => '::1'
    'DOCUMENT_ROOT' => '/var/www/html'
    'REQUEST_SCHEME' => 'http'
    'CONTEXT_PREFIX' => ''
    'CONTEXT_DOCUMENT_ROOT' => '/var/www/html'
    'SERVER_ADMIN' => 'webmaster@localhost'
    'SCRIPT_FILENAME' => '/var/www/html/pos/web/index.php'
    'REMOTE_PORT' => '52116'
    'GATEWAY_INTERFACE' => 'CGI/1.1'
    'SERVER_PROTOCOL' => 'HTTP/1.1'
    'REQUEST_METHOD' => 'POST'
    'QUERY_STRING' => 'r=site%2Fsimpantransaksi'
    'REQUEST_URI' => '/pos/web/index.php?r=site%2Fsimpantransaksi'
    'SCRIPT_NAME' => '/pos/web/index.php'
    'PHP_SELF' => '/pos/web/index.php'
    'REQUEST_TIME_FLOAT' => 1588731092.506
    'REQUEST_TIME' => 1588731092
]
2020-05-06 10:51:38 [::1][3][-][error][yii\web\HeadersAlreadySentException] yii\web\HeadersAlreadySentException: Headers already sent in /var/www/html/pos/controllers/SiteController.php on line 444. in /var/www/html/pos/vendor/yiisoft/yii2/web/Response.php:366
Stack trace:
#0 /var/www/html/pos/vendor/yiisoft/yii2/web/Response.php(339): yii\web\Response->sendHeaders()
#1 /var/www/html/pos/vendor/yiisoft/yii2/base/Application.php(392): yii\web\Response->send()
#2 /var/www/html/pos/web/index.php(12): yii\base\Application->run()
#3 {main}
2020-05-06 10:51:38 [::1][3][-][info][application] $_GET = [
    'r' => 'site/searchgrafik'
    'daterange' => '01/01/2020 - 05/10/2020'
]

$_POST = []

$_FILES = []

$_COOKIE = [
    'PHPSESSID' => '2g16oav5er10cu8jlje0tl19n4'
    '_csrf' => 'f018370688f34b782b8c9827595c26967c6ca308d80e444a2ce722adaf075991a:2:{i:0;s:5:\"_csrf\";i:1;s:32:\"wVHgyRohWwOu3xN-E38fDl4RmXD_TE4Q\";}'
]

$_SESSION = [
    '__flash' => []
    '__id' => 3
    '__expire' => 1588823498
]

$_SERVER = [
    'HTTP_HOST' => 'localhost'
    'HTTP_CONNECTION' => 'keep-alive'
    'HTTP_ACCEPT' => 'application/json, text/javascript, */*; q=0.01'
    'HTTP_X_CSRF_TOKEN' => '34Ni8MHCzKAeCrt03DhHOP49rExyk4X8kHyRfgZFSBGo1SqXuJCjyEl99AHvQAkVuw6UKjb_sa79JNUhUgB8QA=='
    'HTTP_USER_AGENT' => 'Mozilla/5.0 (X11; Linux x86_64) AppleWebKit/537.36 (KHTML, like Gecko) snap Chromium/81.0.4044.122 Chrome/81.0.4044.122 Safari/537.36'
    'HTTP_X_REQUESTED_WITH' => 'XMLHttpRequest'
    'HTTP_SEC_FETCH_SITE' => 'same-origin'
    'HTTP_SEC_FETCH_MODE' => 'cors'
    'HTTP_SEC_FETCH_DEST' => 'empty'
    'HTTP_REFERER' => 'http://localhost/pos/web/index.php?r=site%2Fdashboard'
    'HTTP_ACCEPT_ENCODING' => 'gzip, deflate, br'
    'HTTP_ACCEPT_LANGUAGE' => 'en-US,en;q=0.9,id;q=0.8'
    'HTTP_COOKIE' => 'PHPSESSID=2g16oav5er10cu8jlje0tl19n4; _csrf=f018370688f34b782b8c9827595c26967c6ca308d80e444a2ce722adaf075991a%3A2%3A%7Bi%3A0%3Bs%3A5%3A%22_csrf%22%3Bi%3A1%3Bs%3A32%3A%22wVHgyRohWwOu3xN-E38fDl4RmXD_TE4Q%22%3B%7D'
    'PATH' => '/usr/local/sbin:/usr/local/bin:/usr/sbin:/usr/bin:/sbin:/bin:/snap/bin'
    'SERVER_SIGNATURE' => '<address>Apache/2.4.29 (Ubuntu) Server at localhost Port 80</address>
'
    'SERVER_SOFTWARE' => 'Apache/2.4.29 (Ubuntu)'
    'SERVER_NAME' => 'localhost'
    'SERVER_ADDR' => '::1'
    'SERVER_PORT' => '80'
    'REMOTE_ADDR' => '::1'
    'DOCUMENT_ROOT' => '/var/www/html'
    'REQUEST_SCHEME' => 'http'
    'CONTEXT_PREFIX' => ''
    'CONTEXT_DOCUMENT_ROOT' => '/var/www/html'
    'SERVER_ADMIN' => 'webmaster@localhost'
    'SCRIPT_FILENAME' => '/var/www/html/pos/web/index.php'
    'REMOTE_PORT' => '33026'
    'GATEWAY_INTERFACE' => 'CGI/1.1'
    'SERVER_PROTOCOL' => 'HTTP/1.1'
    'REQUEST_METHOD' => 'GET'
    'QUERY_STRING' => 'r=site%2Fsearchgrafik&daterange=01%2F01%2F2020%20-%2005%2F10%2F2020'
    'REQUEST_URI' => '/pos/web/index.php?r=site%2Fsearchgrafik&daterange=01%2F01%2F2020%20-%2005%2F10%2F2020'
    'SCRIPT_NAME' => '/pos/web/index.php'
    'PHP_SELF' => '/pos/web/index.php'
    'REQUEST_TIME_FLOAT' => 1588737098.005
    'REQUEST_TIME' => 1588737098
]
